<?xml version="1.0" encoding="UTF-8"?>
<!-- Generated by org.testng.reporters.JUnitReportReporter -->
<testsuite hostname="LAPTOP-A5ENTL9M" failures="0" tests="7" name="com.MyAppApplicationTestscode" time="34.831" errors="0" timestamp="2023-08-03T17:11:57 IST" skipped="0">
  <testcase classname="com.MyAppApplicationTestscode" name="testing" time="3.154"/>
  <testcase classname="com.MyAppApplicationTestscode" name="signup" time="3.635"/>
  <testcase classname="com.MyAppApplicationTestscode" name="signin" time="3.896"/>
  <testcase classname="com.MyAppApplicationTestscode" name="adminhome" time="4.059"/>
  <testcase classname="com.MyAppApplicationTestscode" name="userhome" time="5.551"/>
  <testcase classname="com.MyAppApplicationTestscode" name="loadusers" time="8.923"/>
  <testcase classname="com.MyAppApplicationTestscode" name="approve" time="5.613"/>
</testsuite> <!-- com.MyAppApplicationTestscode -->
